=======Command line arguments=======
N_atoms: 125
n_timesteps: 10000
xyz_file_output_frequency: 100
thermo_output_frequency: 100
====================================
box length: 2.419e+01 Angstrom
density: 8.832e-03 molecules/Ang^3
Beginning simulation....
 Timestep     KE          PE        TotE        Temp   Pressure
      0   3.883e-01  -8.896e-03  3.79415e-01  150.00  1.578e-05
    100   2.934e-01  -8.896e-03  2.84532e-01  113.35  1.131e-05
    200   3.392e-01  -8.896e-03  3.30322e-01  131.04  1.346e-05
    300   3.639e-01  -8.896e-03  3.54956e-01  140.55  1.462e-05
    400   3.778e-01  -8.896e-03  3.68875e-01  145.93  1.528e-05
    500   3.858e-01  -8.896e-03  3.76894e-01  149.03  1.566e-05
    600   3.906e-01  -8.896e-03  3.81711e-01  150.89  1.589e-05
    700   3.935e-01  -8.896e-03  3.84580e-01  152.00  1.602e-05
    800   3.822e-01  -8.896e-03  3.73304e-01  147.64  1.549e-05
    900   4.051e-01  -8.896e-03  3.96240e-01  156.50  1.657e-05
   1000   4.085e-01  -8.896e-03  3.99589e-01  157.79  1.673e-05
   1100   3.877e-01  -8.896e-03  3.78812e-01  149.77  1.575e-05
   1200   3.885e-01  -8.896e-03  3.79631e-01  150.08  1.579e-05
   1300   4.036e-01  -8.896e-03  3.94738e-01  155.92  1.650e-05
   1400   4.059e-01  -8.896e-03  3.96976e-01  156.78  1.660e-05
   1500   3.947e-01  -8.896e-03  3.85759e-01  152.45  1.608e-05
   1600   3.720e-01  -8.896e-03  3.63097e-01  143.70  1.501e-05
   1700   3.931e-01  -8.896e-03  3.84179e-01  151.84  1.600e-05
   1800   3.935e-01  -8.896e-03  3.84589e-01  152.00  1.602e-05
   1900   4.027e-01  -8.896e-03  3.93768e-01  155.54  1.645e-05
   2000   3.989e-01  -8.896e-03  3.90034e-01  154.10  1.628e-05
   2100   3.814e-01  -8.896e-03  3.72539e-01  147.34  1.545e-05
   2200   3.772e-01  -8.896e-03  3.68275e-01  145.70  1.525e-05
   2300   3.712e-01  -8.896e-03  3.62300e-01  143.39  1.497e-05
   2400   3.726e-01  -8.896e-03  3.63750e-01  143.95  1.504e-05
   2500   3.864e-01  -8.896e-03  3.77514e-01  149.27  1.569e-05
   2600   3.656e-01  -8.896e-03  3.56674e-01  141.22  1.471e-05
   2700   3.812e-01  -8.896e-03  3.72278e-01  147.24  1.544e-05
   2800   3.570e-01  -8.896e-03  3.48064e-01  137.89  1.430e-05
   2900   3.733e-01  -8.896e-03  3.64446e-01  144.22  1.507e-05
   3000   3.812e-01  -8.896e-03  3.72311e-01  147.26  1.544e-05
   3100   3.690e-01  -8.896e-03  3.60070e-01  142.53  1.487e-05
   3200   3.846e-01  -8.896e-03  3.75751e-01  148.58  1.560e-05
   3300   3.789e-01  -8.896e-03  3.70003e-01  146.36  1.533e-05
   3400   3.715e-01  -8.896e-03  3.62631e-01  143.52  1.499e-05
   3500   3.745e-01  -8.896e-03  3.65621e-01  144.67  1.513e-05
   3600   3.879e-01  -8.896e-03  3.78970e-01  149.83  1.576e-05
   3700   3.877e-01  -8.896e-03  3.78845e-01  149.78  1.575e-05
   3800   3.687e-01  -8.896e-03  3.59849e-01  142.44  1.486e-05
   3900   3.806e-01  -8.896e-03  3.71679e-01  147.01  1.541e-05
   4000   3.719e-01  -8.896e-03  3.63041e-01  143.68  1.501e-05
   4100   3.717e-01  -8.896e-03  3.62760e-01  143.57  1.499e-05
   4200   4.048e-01  -8.896e-03  3.95916e-01  156.37  1.655e-05
   4300   4.018e-01  -8.896e-03  3.92907e-01  155.21  1.641e-05
   4400   3.766e-01  -8.896e-03  3.67670e-01  145.46  1.522e-05
   4500   4.066e-01  -8.896e-03  3.97702e-01  157.06  1.664e-05
   4600   4.017e-01  -8.896e-03  3.92836e-01  155.18  1.641e-05
   4700   3.874e-01  -8.896e-03  3.78497e-01  149.65  1.573e-05
   4800   3.847e-01  -8.896e-03  3.75831e-01  148.62  1.561e-05
   4900   3.958e-01  -8.896e-03  3.86881e-01  152.88  1.613e-05
   5000   3.946e-01  -8.896e-03  3.85741e-01  152.44  1.607e-05
   5100   3.948e-01  -8.896e-03  3.85941e-01  152.52  1.608e-05
   5200   3.670e-01  -8.896e-03  3.58131e-01  141.78  1.477e-05
   5300   3.902e-01  -8.896e-03  3.81330e-01  150.74  1.587e-05
   5400   3.771e-01  -8.896e-03  3.68164e-01  145.65  1.525e-05
   5500   4.029e-01  -8.896e-03  3.94020e-01  155.64  1.646e-05
   5600   3.826e-01  -8.896e-03  3.73711e-01  147.80  1.551e-05
   5700   3.962e-01  -8.896e-03  3.87279e-01  153.04  1.615e-05
   5800   3.831e-01  -8.896e-03  3.74229e-01  148.00  1.553e-05
   5900   3.755e-01  -8.896e-03  3.66645e-01  145.07  1.518e-05
   6000   3.728e-01  -8.896e-03  3.63860e-01  143.99  1.504e-05
   6100   3.943e-01  -8.896e-03  3.85444e-01  152.33  1.606e-05
   6200   3.948e-01  -8.896e-03  3.85934e-01  152.52  1.608e-05
   6300   3.810e-01  -8.896e-03  3.72062e-01  147.16  1.543e-05
   6400   3.725e-01  -8.896e-03  3.63559e-01  143.88  1.503e-05
   6500   3.826e-01  -8.896e-03  3.73727e-01  147.80  1.551e-05
   6600   3.702e-01  -8.896e-03  3.61306e-01  143.00  1.492e-05
   6700   3.848e-01  -8.896e-03  3.75902e-01  148.64  1.561e-05
   6800   3.593e-01  -8.896e-03  3.50428e-01  138.80  1.441e-05
   6900   3.930e-01  -8.896e-03  3.84136e-01  151.82  1.600e-05
   7000   3.717e-01  -8.896e-03  3.62822e-01  143.59  1.500e-05
   7100   3.908e-01  -8.896e-03  3.81901e-01  150.96  1.589e-05
   7200   3.752e-01  -8.896e-03  3.66335e-01  144.95  1.516e-05
   7300   3.746e-01  -8.896e-03  3.65743e-01  144.72  1.513e-05
   7400   3.768e-01  -8.896e-03  3.67893e-01  145.55  1.523e-05
   7500   3.845e-01  -8.896e-03  3.75598e-01  148.53  1.560e-05
   7600   3.902e-01  -8.896e-03  3.81302e-01  150.73  1.587e-05
   7700   3.653e-01  -8.896e-03  3.56369e-01  141.10  1.469e-05
   7800   3.868e-01  -8.896e-03  3.77932e-01  149.43  1.571e-05
   7900   3.573e-01  -8.896e-03  3.48433e-01  138.03  1.432e-05
   8000   3.662e-01  -8.896e-03  3.57328e-01  141.47  1.474e-05
   8100   3.880e-01  -8.896e-03  3.79085e-01  149.87  1.576e-05
   8200   3.996e-01  -8.896e-03  3.90662e-01  154.34  1.631e-05
   8300   3.782e-01  -8.896e-03  3.69282e-01  146.09  1.530e-05
   8400   3.731e-01  -8.896e-03  3.64166e-01  144.11  1.506e-05
   8500   3.722e-01  -8.896e-03  3.63307e-01  143.78  1.502e-05
   8600   4.072e-01  -8.896e-03  3.98264e-01  157.28  1.666e-05
   8700   3.964e-01  -8.896e-03  3.87508e-01  153.13  1.616e-05
   8800   3.750e-01  -8.896e-03  3.66059e-01  144.84  1.515e-05
   8900   3.965e-01  -8.896e-03  3.87643e-01  153.18  1.616e-05
   9000   3.706e-01  -8.896e-03  3.61685e-01  143.15  1.494e-05
   9100   3.843e-01  -8.896e-03  3.75417e-01  148.46  1.559e-05
   9200   3.943e-01  -8.896e-03  3.85392e-01  152.31  1.606e-05
   9300   4.064e-01  -8.896e-03  3.97511e-01  156.99  1.663e-05
   9400   3.757e-01  -8.896e-03  3.66802e-01  145.13  1.518e-05
   9500   3.901e-01  -8.896e-03  3.81241e-01  150.71  1.586e-05
   9600   3.924e-01  -8.896e-03  3.83472e-01  151.57  1.597e-05
   9700   3.750e-01  -8.896e-03  3.66093e-01  144.85  1.515e-05
   9800   3.665e-01  -8.896e-03  3.57626e-01  141.58  1.475e-05
   9900   3.886e-01  -8.896e-03  3.79726e-01  150.12  1.579e-05
  10000   3.994e-01  -8.896e-03  3.90489e-01  154.28  1.630e-05
Simulation Complete!
Total simulation time:              0.653 secs
Force/energy time:                  0.628 secs (96.09%)
Position/velocity update time:      0.012 secs ( 1.77%)
Thermo/trajectory output time:      0.013 secs ( 1.95%)
