=======Command line arguments=======
N_atoms: 125
n_timesteps: 10000
xyz_file_output_frequency: 100
thermo_output_frequency: 100
====================================
box length: 2.419e+01 Angstrom
density: 8.832e-03 molecules/Ang^3
Beginning simulation....
 Timestep     KE          PE        TotE        Temp   Pressure
      0   3.883e-01  -8.896e-03  3.79415e-01  150.00  1.578e-05
    100   2.995e-01  -8.896e-03  2.90615e-01  115.70  1.159e-05
    200   3.505e-01  -8.896e-03  3.41642e-01  135.41  1.400e-05
    300   3.841e-01  -8.896e-03  3.75199e-01  148.37  1.558e-05
    400   3.869e-01  -8.896e-03  3.78012e-01  149.46  1.571e-05
    500   3.954e-01  -8.896e-03  3.86498e-01  152.74  1.611e-05
    600   3.729e-01  -8.896e-03  3.64002e-01  144.05  1.505e-05
    700   3.955e-01  -8.896e-03  3.86646e-01  152.79  1.612e-05
    800   3.965e-01  -8.896e-03  3.87626e-01  153.17  1.616e-05
    900   3.659e-01  -8.896e-03  3.56961e-01  141.33  1.472e-05
   1000   3.941e-01  -8.896e-03  3.85200e-01  152.23  1.605e-05
   1100   3.594e-01  -8.896e-03  3.50519e-01  138.84  1.442e-05
   1200   3.772e-01  -8.896e-03  3.68261e-01  145.69  1.525e-05
   1300   3.859e-01  -8.896e-03  3.76969e-01  149.06  1.566e-05
   1400   3.901e-01  -8.896e-03  3.81199e-01  150.69  1.586e-05
   1500   3.571e-01  -8.896e-03  3.48156e-01  137.93  1.430e-05
   1600   3.904e-01  -8.896e-03  3.81473e-01  150.80  1.587e-05
   1700   3.865e-01  -8.896e-03  3.77617e-01  149.31  1.569e-05
   1800   3.640e-01  -8.896e-03  3.55133e-01  140.62  1.463e-05
   1900   3.694e-01  -8.896e-03  3.60515e-01  142.70  1.489e-05
   2000   3.732e-01  -8.896e-03  3.64311e-01  144.17  1.507e-05
   2100   3.929e-01  -8.896e-03  3.83966e-01  151.76  1.599e-05
   2200   3.729e-01  -8.896e-03  3.63999e-01  144.05  1.505e-05
   2300   3.914e-01  -8.896e-03  3.82547e-01  151.21  1.592e-05
   2400   3.550e-01  -8.896e-03  3.46067e-01  137.12  1.421e-05
   2500   3.676e-01  -8.896e-03  3.58738e-01  142.01  1.480e-05
   2600   3.689e-01  -8.896e-03  3.60045e-01  142.52  1.486e-05
   2700   3.644e-01  -8.896e-03  3.55498e-01  140.76  1.465e-05
   2800   3.971e-01  -8.896e-03  3.88176e-01  153.38  1.619e-05
   2900   3.961e-01  -8.896e-03  3.87165e-01  152.99  1.614e-05
   3000   3.832e-01  -8.896e-03  3.74340e-01  148.04  1.554e-05
   3100   3.817e-01  -8.896e-03  3.72763e-01  147.43  1.546e-05
   3200   3.929e-01  -8.896e-03  3.83969e-01  151.76  1.599e-05
   3300   4.046e-01  -8.896e-03  3.95722e-01  156.30  1.654e-05
   3400   3.866e-01  -8.896e-03  3.77739e-01  149.35  1.570e-05
   3500   3.725e-01  -8.896e-03  3.63563e-01  143.88  1.503e-05
   3600   4.126e-01  -8.896e-03  4.03739e-01  159.40  1.692e-05
   3700   4.129e-01  -8.896e-03  4.04020e-01  159.50  1.694e-05
   3800   3.851e-01  -8.896e-03  3.76185e-01  148.75  1.562e-05
   3900   4.140e-01  -8.896e-03  4.05084e-01  159.92  1.699e-05
   4000   3.849e-01  -8.896e-03  3.76049e-01  148.70  1.562e-05
   4100   3.866e-01  -8.896e-03  3.77662e-01  149.32  1.569e-05
   4200   3.853e-01  -8.896e-03  3.76452e-01  148.86  1.564e-05
   4300   3.959e-01  -8.896e-03  3.87003e-01  152.93  1.613e-05
   4400   4.115e-01  -8.896e-03  4.02584e-01  158.95  1.687e-05
   4500   3.911e-01  -8.896e-03  3.82217e-01  151.08  1.591e-05
   4600   3.818e-01  -8.896e-03  3.72881e-01  147.48  1.547e-05
   4700   3.707e-01  -8.896e-03  3.61766e-01  143.18  1.495e-05
   4800   3.915e-01  -8.896e-03  3.82616e-01  151.24  1.593e-05
   4900   3.680e-01  -8.896e-03  3.59087e-01  142.15  1.482e-05
   5000   3.774e-01  -8.896e-03  3.68471e-01  145.77  1.526e-05
   5100   3.688e-01  -8.896e-03  3.59941e-01  142.48  1.486e-05
   5200   3.960e-01  -8.896e-03  3.87095e-01  152.97  1.614e-05
   5300   3.576e-01  -8.896e-03  3.48741e-01  138.15  1.433e-05
   5400   3.856e-01  -8.896e-03  3.76666e-01  148.94  1.565e-05
   5500   3.796e-01  -8.896e-03  3.70655e-01  146.62  1.536e-05
   5600   3.655e-01  -8.896e-03  3.56636e-01  141.20  1.470e-05
   5700   3.913e-01  -8.896e-03  3.82402e-01  151.15  1.592e-05
   5800   3.788e-01  -8.896e-03  3.69877e-01  146.32  1.533e-05
   5900   3.804e-01  -8.896e-03  3.71509e-01  146.95  1.540e-05
   6000   3.849e-01  -8.896e-03  3.76039e-01  148.70  1.562e-05
   6100   3.759e-01  -8.896e-03  3.67017e-01  145.21  1.519e-05
   6200   3.926e-01  -8.896e-03  3.83724e-01  151.66  1.598e-05
   6300   3.811e-01  -8.896e-03  3.72230e-01  147.22  1.544e-05
   6400   3.641e-01  -8.896e-03  3.55221e-01  140.65  1.464e-05
   6500   4.037e-01  -8.896e-03  3.94778e-01  155.93  1.650e-05
   6600   4.003e-01  -8.896e-03  3.91434e-01  154.64  1.634e-05
   6700   3.877e-01  -8.896e-03  3.78841e-01  149.78  1.575e-05
   6800   3.942e-01  -8.896e-03  3.85306e-01  152.28  1.605e-05
   6900   3.725e-01  -8.896e-03  3.63603e-01  143.89  1.503e-05
   7000   3.942e-01  -8.896e-03  3.85330e-01  152.29  1.606e-05
   7100   3.647e-01  -8.896e-03  3.55775e-01  140.87  1.466e-05
   7200   3.894e-01  -8.896e-03  3.80465e-01  150.41  1.583e-05
   7300   3.918e-01  -8.896e-03  3.82883e-01  151.34  1.594e-05
   7400   3.802e-01  -8.896e-03  3.71306e-01  146.87  1.539e-05
   7500   3.909e-01  -8.896e-03  3.81996e-01  151.00  1.590e-05
   7600   3.939e-01  -8.896e-03  3.84960e-01  152.14  1.604e-05
   7700   3.734e-01  -8.896e-03  3.64532e-01  144.25  1.508e-05
   7800   3.781e-01  -8.896e-03  3.69187e-01  146.05  1.530e-05
   7900   4.049e-01  -8.896e-03  3.95956e-01  156.39  1.656e-05
   8000   3.892e-01  -8.896e-03  3.80289e-01  150.34  1.582e-05
   8100   3.842e-01  -8.896e-03  3.75300e-01  148.41  1.558e-05
   8200   3.945e-01  -8.896e-03  3.85634e-01  152.40  1.607e-05
   8300   3.647e-01  -8.896e-03  3.55758e-01  140.86  1.466e-05
   8400   3.864e-01  -8.896e-03  3.77494e-01  149.26  1.569e-05
   8500   3.755e-01  -8.896e-03  3.66610e-01  145.05  1.517e-05
   8600   3.805e-01  -8.896e-03  3.71608e-01  146.98  1.541e-05
   8700   3.651e-01  -8.896e-03  3.56193e-01  141.03  1.468e-05
   8800   3.635e-01  -8.896e-03  3.54637e-01  140.43  1.461e-05
   8900   3.900e-01  -8.896e-03  3.81111e-01  150.66  1.586e-05
   9000   3.664e-01  -8.896e-03  3.57471e-01  141.52  1.474e-05
   9100   3.938e-01  -8.896e-03  3.84914e-01  152.12  1.604e-05
   9200   4.107e-01  -8.896e-03  4.01821e-01  158.66  1.683e-05
   9300   3.674e-01  -8.896e-03  3.58514e-01  141.93  1.479e-05
   9400   3.828e-01  -8.896e-03  3.73867e-01  147.86  1.552e-05
   9500   3.886e-01  -8.896e-03  3.79691e-01  150.11  1.579e-05
   9600   3.945e-01  -8.896e-03  3.85605e-01  152.39  1.607e-05
   9700   3.618e-01  -8.896e-03  3.52900e-01  139.76  1.453e-05
   9800   3.842e-01  -8.896e-03  3.75354e-01  148.43  1.559e-05
   9900   3.691e-01  -8.896e-03  3.60243e-01  142.59  1.487e-05
  10000   3.840e-01  -8.896e-03  3.75063e-01  148.32  1.557e-05
Simulation Complete!
Total simulation time:              1.179 secs
Force/energy time:                  1.126 secs (95.48%)
Position/velocity update time:      0.025 secs ( 2.09%)
Thermo/trajectory output time:      0.027 secs ( 2.26%)
